<?xml version="1.0" encoding="UTF-8"?>
<!-- Generated by org.testng.reporters.JUnitXMLReporter -->
<testsuite ignored="0" hostname="ADMINRG-KGQ9CML" failures="1" tests="1" name="CucumberTest" time="31.226" errors="0" timestamp="2023-10-22T08:22:10 CEST">
  <testcase classname="io.cucumber.testng.AbstractTestNGCucumberTests" name="runScenario" time="30.71">
    <failure type="java.lang.AssertionError" message="expected [Proxy element for: DefaultElementLocator &amp;apos;By.xpath: //h1[normalize-space()=&amp;apos;Wir freuen uns über Ihre Kontaktaufnahme&amp;apos;]&amp;apos;] but found [null]">
      <![CDATA[java.lang.AssertionError: expected [Proxy element for: DefaultElementLocator 'By.xpath: //h1[normalize-space()='Wir freuen uns über Ihre Kontaktaufnahme']'] but found [null]
at StepDefinitions.DeContact.i_see_Kontakt_page(DeContact.java:97)
at ✽.i see Kontakt page(file:///D:/Eclipse-Java-Projekat/SixSentix/src/test/java/Features/EngAndGerVersions.feature:27)
... Removed 5 stack frames]]>
    </failure>
  </testcase> <!-- runScenario -->
</testsuite> <!-- CucumberTest -->
