<?xml version="1.0" encoding="UTF-8"?>
<!-- Generated by org.testng.reporters.JUnitXMLReporter -->
<testsuite ignored="0" hostname="ADMINRG-KGQ9CML" failures="2" tests="3" name="Test" time="61.478" errors="0" timestamp="2023-10-25T08:27:44 CEST">
  <testcase classname="testNGTests.EnglishAboutUs" name="EnAboutUs" time="1.662"/>
  <testcase classname="testNGTests.GermanAboutUs" name="DeAboutUs" time="24.841">
    <failure type="java.lang.AssertionError" message="expected [Proxy element for: DefaultElementLocator &amp;apos;By.xpath: //h1[normalize-space()=&amp;apos;Wir freuen uns über Ihre Kontaktaufnahme&amp;apos;]&amp;apos;] but found [null]">
      <![CDATA[java.lang.AssertionError: expected [Proxy element for: DefaultElementLocator 'By.xpath: //h1[normalize-space()='Wir freuen uns über Ihre Kontaktaufnahme']'] but found [null]
at testNGTests.GermanAboutUs.DeAboutUs(GermanAboutUs.java:60)
at java.base/java.util.ArrayList.forEach(ArrayList.java:1511)
... Removed 32 stack frames]]>
    </failure>
  </testcase> <!-- DeAboutUs -->
  <testcase classname="testNGTests.GermanContact" name="DeContact" time="26.24">
    <failure type="java.lang.AssertionError" message="expected [Proxy element for: DefaultElementLocator &amp;apos;By.xpath: //h1[normalize-space()=&amp;apos;Wir freuen uns über Ihre Kontaktaufnahme&amp;apos;]&amp;apos;] but found [null]">
      <![CDATA[java.lang.AssertionError: expected [Proxy element for: DefaultElementLocator 'By.xpath: //h1[normalize-space()='Wir freuen uns über Ihre Kontaktaufnahme']'] but found [null]
at testNGTests.GermanContact.DeContact(GermanContact.java:61)
at java.base/java.util.ArrayList.forEach(ArrayList.java:1511)
... Removed 32 stack frames]]>
    </failure>
  </testcase> <!-- DeContact -->
</testsuite> <!-- Test -->
