<?xml version="1.0" encoding="UTF-8"?>
<!-- Generated by org.testng.reporters.JUnitXMLReporter -->
<testsuite ignored="0" hostname="ADMINRG-KGQ9CML" failures="2" tests="2" name="Test123" time="19.116" errors="0" timestamp="2023-10-20T10:00:12 CEST">
  <testcase classname="io.cucumber.testng.AbstractTestNGCucumberTests" name="runScenario" time="18.601">
    <failure type="java.lang.AssertionError" message="expected [Proxy element for: DefaultElementLocator &amp;apos;By.xpath: //h1[normalize-space()=&amp;apos;Wir freuen uns über Ihre Kontaktaufnahme&amp;apos;]&amp;apos;] but found [null]">
      <![CDATA[java.lang.AssertionError: expected [Proxy element for: DefaultElementLocator 'By.xpath: //h1[normalize-space()='Wir freuen uns über Ihre Kontaktaufnahme']'] but found [null]
at StepDefinitions.DeContact.i_see_Kontakt_page(DeContact.java:95)
at ✽.i see Kontakt page(file:///D:/Eclipse-Java-Projekat/SixSentix/src/test/java/Features/EngAndGerVersions.feature:27)
... Removed 5 stack frames]]>
    </failure>
  </testcase> <!-- runScenario -->
  <testcase classname="io.cucumber.testng.AbstractTestNGCucumberTests" name="runScenario" time="18.61">
    <failure type="java.lang.NullPointerException" message="Cannot invoke &amp;quot;org.openqa.selenium.TakesScreenshot.getScreenshotAs(org.openqa.selenium.OutputType)&amp;quot; because &amp;quot;driver&amp;quot; is null">
      <![CDATA[java.lang.NullPointerException: Cannot invoke "org.openqa.selenium.TakesScreenshot.getScreenshotAs(org.openqa.selenium.OutputType)" because "driver" is null
at resources.Base.takeScreenshot(Base.java:22)
at Listeners.CustomListener.onTestFailure(CustomListener.java:57)
at java.base/java.util.ArrayList.forEach(ArrayList.java:1511)
... Removed 24 stack frames]]>
    </failure>
  </testcase> <!-- runScenario -->
</testsuite> <!-- Test123 -->
