<?xml version="1.0" encoding="UTF-8"?>
<testsuite xmlns:xsi="http://www.w3.org/2001/XMLSchema-instance" xsi:noNamespaceSchemaLocation="https://maven.apache.org/surefire/maven-surefire-plugin/xsd/surefire-test-report-3.0.xsd" version="3.0" name="TestSuite" time="44.587" tests="3" errors="0" skipped="0" failures="2">
  <properties>
[...]
</properties>
  <testcase name="runScenario[&quot;Go to -About Us- page with english language on app&quot;, &quot;Verify some page existent, on english and german&quot;](1)" classname="Runner.runEnDe" time="7.897">
    <system-out><![CDATA[
@all @pass
Scenario: Go to -About Us- page with english language on app &amp#27;[90m# src/test/java/Features/EngAndGerVersions.feature:4&amp#27;[0m
  &amp#27;[32mGiven &amp#27;[0m&amp#27;[32mi go to homepage sixsentix&amp#27;[0m                           &amp#27;[90m# StepDefinitions.EngAboutUs.i_go_to_homepage_sixsentix()&amp#27;[0m
  &amp#27;[32mWhen &amp#27;[0m&amp#27;[32mi turn off alert&amp#27;[0m                                      &amp#27;[90m# StepDefinitions.EngAboutUs.i_turn_off_alert()&amp#27;[0m
  &amp#27;[32mAnd &amp#27;[0m&amp#27;[32mi move cursor on Life In Sixsentix&amp#27;[0m                     &amp#27;[90m# StepDefinitions.EngAboutUs.i_move_cursor_on_Life_In_Sixsentix()&amp#27;[0m
  &amp#27;[32mAnd &amp#27;[0m&amp#27;[32mi click on About Us&amp#27;[0m                                    &amp#27;[90m# StepDefinitions.EngAboutUs.i_click_on_about_us()&amp#27;[0m
  &amp#27;[32mThen &amp#27;[0m&amp#27;[32mi see About Us page&amp#27;[0m                                   &amp#27;[90m# StepDefinitions.EngAboutUs.i_see_about_us_page()&amp#27;[0m
]]></system-out>
    <system-err><![CDATA[SLF4J: No SLF4J providers were found.
SLF4J: Defaulting to no-operation (NOP) logger implementation
SLF4J: See https://www.slf4j.org/codes.html#noProviders for further details.
]]></system-err>
  </testcase>
  <testcase name="runScenario[&quot;Go to -About Us- page with german language on app&quot;, &quot;Verify some page existent, on english and german&quot;](2)" classname="Runner.runEnDe" time="17.931">
    <failure message="expected [Proxy element for: DefaultElementLocator &apos;By.xpath: //a[normalize-space()=&apos;Angebot anfordern&apos;]&apos;] but found [null]" type="java.lang.AssertionError"><![CDATA[java.lang.AssertionError: expected [Proxy element for: DefaultElementLocator 'By.xpath: //a[normalize-space()='Angebot anfordern']'] but found [null]
	at org.testng.Assert.fail(Assert.java:111)
	at org.testng.Assert.failNotEquals(Assert.java:1578)
	at org.testng.Assert.assertEqualsImpl(Assert.java:150)
	at org.testng.Assert.assertEquals(Assert.java:132)
	at org.testng.Assert.assertEquals(Assert.java:644)
	at StepDefinitions.DeAboutUs.i_see_Über_uns_page(DeAboutUs.java:89)
	at ✽.i see Über uns page(file:///D:/Eclipse-Java-Projekat/SixSentix/src/test/java/Features/EngAndGerVersions.feature:18)
]]></failure>
    <system-out><![CDATA[
@all @fail_1
Scenario: Go to -About Us- page with german language on app &amp#27;[90m# src/test/java/Features/EngAndGerVersions.feature:12&amp#27;[0m
  &amp#27;[32mGiven &amp#27;[0m&amp#27;[32mi go to homepage sixsentix DE&amp#27;[0m                       &amp#27;[90m# StepDefinitions.DeAboutUs.i_go_to_homepage_sixsentix()&amp#27;[0m
  &amp#27;[32mWhen &amp#27;[0m&amp#27;[32mi turn off alert DE&amp#27;[0m                                  &amp#27;[90m# StepDefinitions.DeAboutUs.i__turn_off_alert_DE()&amp#27;[0m
  &amp#27;[32mAnd &amp#27;[0m&amp#27;[32mi click on DE&amp#27;[0m                                         &amp#27;[90m# StepDefinitions.DeAboutUs.i_click_on_DE()&amp#27;[0m
  &amp#27;[32mAnd &amp#27;[0m&amp#27;[32mi move cursor on Leben In Sixsentix&amp#27;[0m                   &amp#27;[90m# StepDefinitions.DeAboutUs.i_move_cursor_on_Leben_in_Sixsentix()&amp#27;[0m
  &amp#27;[32mAnd &amp#27;[0m&amp#27;[32mi click on Ãœber uns&amp#27;[0m                                   &amp#27;[90m# StepDefinitions.DeAboutUs.i_click_on_Ãœber_uns()&amp#27;[0m
Test fail
  &amp#27;[31mThen &amp#27;[0m&amp#27;[31mi see Ãœber uns page&amp#27;[0m                                  &amp#27;[90m# StepDefinitions.DeAboutUs.i_see_Ãœber_uns_page()&amp#27;[0m
      &amp#27;[31mjava.lang.AssertionError: expected [Proxy element for: DefaultElementLocator 'By.xpath: //a[normalize-space()='Angebot anfordern']'] but found [null]
	at org.testng.Assert.fail(Assert.java:111)
	at org.testng.Assert.failNotEquals(Assert.java:1578)
	at org.testng.Assert.assertEqualsImpl(Assert.java:150)
	at org.testng.Assert.assertEquals(Assert.java:132)
	at org.testng.Assert.assertEquals(Assert.java:644)
	at StepDefinitions.DeAboutUs.i_see_Ãœber_uns_page(DeAboutUs.java:89)
	at âœ½.i see Ãœber uns page(file:///D:/Eclipse-Java-Projekat/SixSentix/src/test/java/Features/EngAndGerVersions.feature:18)
&amp#27;[0m
]]></system-out>
  </testcase>
  <testcase name="runScenario[&quot;Go to -Contact- page with german language on app&quot;, &quot;Verify some page existent, on english and german&quot;](3)" classname="Runner.runEnDe" time="17.885">
    <failure message="expected [Proxy element for: DefaultElementLocator &apos;By.xpath: //h1[normalize-space()=&apos;Wir freuen uns über Ihre Kontaktaufnahme&apos;]&apos;] but found [null]" type="java.lang.AssertionError"><![CDATA[java.lang.AssertionError: expected [Proxy element for: DefaultElementLocator 'By.xpath: //h1[normalize-space()='Wir freuen uns über Ihre Kontaktaufnahme']'] but found [null]
	at org.testng.Assert.fail(Assert.java:111)
	at org.testng.Assert.failNotEquals(Assert.java:1578)
	at org.testng.Assert.assertEqualsImpl(Assert.java:150)
	at org.testng.Assert.assertEquals(Assert.java:132)
	at org.testng.Assert.assertEquals(Assert.java:644)
	at StepDefinitions.DeContact.i_see_Kontakt_page(DeContact.java:89)
	at ✽.i see Kontakt page(file:///D:/Eclipse-Java-Projekat/SixSentix/src/test/java/Features/EngAndGerVersions.feature:27)
]]></failure>
    <system-out><![CDATA[
@all @fail_2
Scenario: Go to -Contact- page with german language on app &amp#27;[90m# src/test/java/Features/EngAndGerVersions.feature:21&amp#27;[0m
  &amp#27;[32mGiven &amp#27;[0m&amp#27;[32mi go to homepage sixsentix DE2&amp#27;[0m                     &amp#27;[90m# StepDefinitions.DeContact.i_go_to_homepage_sixsentix()&amp#27;[0m
  &amp#27;[32mWhen &amp#27;[0m&amp#27;[32mi turn off alert DE2&amp#27;[0m                                &amp#27;[90m# StepDefinitions.DeContact.i__turn_off_alert_DE()&amp#27;[0m
  &amp#27;[32mAnd &amp#27;[0m&amp#27;[32mi click on DE2&amp#27;[0m                                       &amp#27;[90m# StepDefinitions.DeContact.i_click_on_DE()&amp#27;[0m
  &amp#27;[32mAnd &amp#27;[0m&amp#27;[32mi move cursor on Leben In Sixsentix2&amp#27;[0m                 &amp#27;[90m# StepDefinitions.DeContact.i_move_cursor_on_Leben_in_Sixsentix()&amp#27;[0m
  &amp#27;[32mAnd &amp#27;[0m&amp#27;[32mi click on Kontakt&amp#27;[0m                                   &amp#27;[90m# StepDefinitions.DeContact.i_click_on_Ãœber_uns()&amp#27;[0m
Test fail
  &amp#27;[31mThen &amp#27;[0m&amp#27;[31mi see Kontakt page&amp#27;[0m                                  &amp#27;[90m# StepDefinitions.DeContact.i_see_Kontakt_page()&amp#27;[0m
      &amp#27;[31mjava.lang.AssertionError: expected [Proxy element for: DefaultElementLocator 'By.xpath: //h1[normalize-space()='Wir freuen uns Ã¼ber Ihre Kontaktaufnahme']'] but found [null]
	at org.testng.Assert.fail(Assert.java:111)
	at org.testng.Assert.failNotEquals(Assert.java:1578)
	at org.testng.Assert.assertEqualsImpl(Assert.java:150)
	at org.testng.Assert.assertEquals(Assert.java:132)
	at org.testng.Assert.assertEquals(Assert.java:644)
	at StepDefinitions.DeContact.i_see_Kontakt_page(DeContact.java:89)
	at âœ½.i see Kontakt page(file:///D:/Eclipse-Java-Projekat/SixSentix/src/test/java/Features/EngAndGerVersions.feature:27)
&amp#27;[0m
]]></system-out>
  </testcase>
</testsuite>